<?xml version="1.0" encoding="UTF-8"?>
<testng-results skipped="0" failed="0" ignored="0" total="1" passed="1">
  <reporter-output>
  </reporter-output>
  <suite name="Suite" duration-ms="11539" started-at="2019-04-08T06:55:51Z" finished-at="2019-04-08T06:56:02Z">
    <groups>
    </groups>
    <test name="Test" duration-ms="11539" started-at="2019-04-08T06:55:51Z" finished-at="2019-04-08T06:56:02Z">
      <class name="jj.Testclass1">
        <test-method status="PASS" signature="beforeMethod()[pri:0, instance:jj.Testclass1@5c37f779]" name="beforeMethod" is-config="true" duration-ms="11517" started-at="2019-04-08T06:55:51Z" finished-at="2019-04-08T06:56:02Z">
          <reporter-output>
          </reporter-output>
        </test-method> <!-- beforeMethod -->
        <test-method status="PASS" signature="f()[pri:0, instance:jj.Testclass1@5c37f779]" name="f" duration-ms="4" started-at="2019-04-08T06:56:02Z" finished-at="2019-04-08T06:56:02Z">
          <reporter-output>
          </reporter-output>
        </test-method> <!-- f -->
        <test-method status="PASS" signature="afterMethod()[pri:0, instance:jj.Testclass1@5c37f779]" name="afterMethod" is-config="true" duration-ms="1" started-at="2019-04-08T06:56:02Z" finished-at="2019-04-08T06:56:02Z">
          <reporter-output>
          </reporter-output>
        </test-method> <!-- afterMethod -->
      </class> <!-- jj.Testclass1 -->
    </test> <!-- Test -->
  </suite> <!-- Suite -->
</testng-results>
